<?xml version="1.0" encoding="UTF-8"?>
<!-- Generated by org.testng.reporters.JUnitXMLReporter -->
<testsuite ignored="0" hostname="Mohammeds-MacBook-Pro.local" failures="0" tests="2" name="Perfume Page Test" time="31.606" errors="0" timestamp="2025-02-21T16:16:12 IST">
  <testcase classname="DouglasWebsiteAutomation.tests.PerfumeTests" name="testPerfumePage" time="5.277"/>
  <testcase classname="DouglasWebsiteAutomation.tests.PerfumeTests" name="testPerfumePage" time="1.464"/>
</testsuite> <!-- Perfume Page Test -->
