<?xml version="1.0" encoding="UTF-8"?>
<!-- Generated by org.testng.reporters.JUnitXMLReporter -->
<testsuite ignored="0" hostname="Mohammeds-MacBook-Pro.local" failures="0" tests="2" name="Search Results Test" time="33.026" errors="0" timestamp="2025-02-21T16:16:14 IST">
  <testcase classname="DouglasWebsiteAutomation.tests.SearchResultsTests" name="testSearchPage" time="5.391"/>
  <testcase classname="DouglasWebsiteAutomation.tests.SearchResultsTests" name="testSearchPage" time="2.58"/>
</testsuite> <!-- Search Results Test -->
