<?xml version="1.0" encoding="UTF-8"?>
<!-- Generated by org.testng.reporters.JUnitXMLReporter -->
<testsuite ignored="0" hostname="Mohammeds-MacBook-Pro.local" failures="0" tests="3" name="Default test" time="59.683" errors="0" timestamp="2025-02-21T16:14:14 IST">
  <testcase classname="DouglasWebsiteAutomation.tests.SearchResultsTests" name="testSearchPage" time="6.805"/>
  <testcase classname="DouglasWebsiteAutomation.tests.SearchResultsTests" name="testSearchPage" time="12.408">
    <skipped/>
  </testcase> <!-- testSearchPage -->
  <testcase classname="DouglasWebsiteAutomation.tests.SearchResultsTests" name="testSearchPage" time="2.616"/>
</testsuite> <!-- Default test -->
